<?xml version="1.0" encoding="UTF-8"?>
<testng-results ignored="0" total="1" passed="1" failed="0" skipped="0">
  <reporter-output>
  </reporter-output>
  <suite started-at="2025-10-13T09:50:57 IST" name="Default suite" finished-at="2025-10-13T09:51:36 IST" duration-ms="38667">
    <groups>
    </groups>
    <test started-at="2025-10-13T09:50:57 IST" name="Default test" finished-at="2025-10-13T09:51:36 IST" duration-ms="38667">
      <class name="package001.TestSeleniumproject">
        <test-method signature="Test001()[pri:0, instance:package001.TestSeleniumproject@55182842]" started-at="2025-10-13T09:50:57 IST" name="Test001" finished-at="2025-10-13T09:51:36 IST" duration-ms="38580" status="PASS">
          <reporter-output>
          </reporter-output>
        </test-method> <!-- Test001 -->
      </class> <!-- package001.TestSeleniumproject -->
    </test> <!-- Default test -->
  </suite> <!-- Default suite -->
</testng-results>
